11:58:21 **** Build of configuration Debug for project stm32f4xx_drivers ****
make -j4 all 
Building file: ../startup/startup_stm32.s
Building file: ../startup/sysmem.c
Invoking: MCU GCC Assembler
Invoking: MCU GCC Compiler
D:\Documents\GitHub\OpenSTMWorkspace\stm32f4xx_drivers\Debug
arm-none-eabi-as -mcpu=cortex-m4 -mthumb -mfloat-abi=hard -mfpu=fpv4-sp-d16 -g -o "startup/startup_stm32.o" "../startup/startup_stm32.s"
D:\Documents\GitHub\OpenSTMWorkspace\stm32f4xx_drivers\Debug
arm-none-eabi-gcc -mcpu=cortex-m4 -mthumb -mfloat-abi=hard -mfpu=fpv4-sp-d16 -DSTM32 -DSTM32F4 -DSTM32F446RETx -DNUCLEO_F446RE -DDEBUG -O0 -g3 -Wall -fmessage-length=0 -ffunction-sections -c -MMD -MP -MF"startup/sysmem.d" -MT"startup/sysmem.o" -o "startup/sysmem.o" "../startup/sysmem.c"
Finished building: ../startup/startup_stm32.s
 
Finished building: ../startup/sysmem.c
 
Building target: stm32f4xx_drivers.elf
Invoking: MCU GCC Linker
arm-none-eabi-gcc -mcpu=cortex-m4 -mthumb -mfloat-abi=hard -mfpu=fpv4-sp-d16 -T"D:/Documents/GitHub/OpenSTMWorkspace/stm32f4xx_drivers/LinkerScript.ld" -Wl,-Map=output.map -Wl,--gc-sections -o "stm32f4xx_drivers.elf" @"objects.list"   -lm
startup/startup_stm32.o: In function `LoopFillZerobss':
D:\Documents\GitHub\OpenSTMWorkspace\stm32f4xx_drivers\Debug/../startup/startup_stm32.s:83: undefined reference to `main'
collect2.exe: error: ld returned 1 exit status
makefile:33: recipe for target 'stm32f4xx_drivers.elf' failed
make: *** [stm32f4xx_drivers.elf] Error 1

11:58:23 Build Finished (took 2s.81ms)

